mode: atomic
github.com/mariogao/golang-unit-test/model/user.go:23.49,29.2 3 2
github.com/mariogao/golang-unit-test/model/user.go:32.44,37.2 2 1
github.com/mariogao/golang-unit-test/docs/docs.go:59.30,64.41 3 0
github.com/mariogao/golang-unit-test/docs/docs.go:69.2,69.16 1 0
github.com/mariogao/golang-unit-test/docs/docs.go:73.2,74.47 2 0
github.com/mariogao/golang-unit-test/docs/docs.go:78.2,78.21 1 0
github.com/mariogao/golang-unit-test/docs/docs.go:64.41,67.4 2 0
github.com/mariogao/golang-unit-test/docs/docs.go:69.16,71.3 1 0
github.com/mariogao/golang-unit-test/docs/docs.go:74.47,76.3 1 0
github.com/mariogao/golang-unit-test/docs/docs.go:81.13,83.2 1 1
github.com/mariogao/golang-unit-test/main.go:28.13,50.2 8 0
github.com/mariogao/golang-unit-test/controller/mocks/user.go:25.55,29.2 3 2
github.com/mariogao/golang-unit-test/controller/mocks/user.go:32.53,34.2 1 2
github.com/mariogao/golang-unit-test/controller/mocks/user.go:37.60,43.2 5 1
github.com/mariogao/golang-unit-test/controller/mocks/user.go:46.66,49.2 2 1
github.com/mariogao/golang-unit-test/controller/mocks/user.go:52.49,57.2 4 1
github.com/mariogao/golang-unit-test/controller/mocks/user.go:60.69,63.2 2 1
github.com/mariogao/golang-unit-test/controller/user.go:18.36,22.2 1 3
github.com/mariogao/golang-unit-test/controller/user.go:25.53,28.16 3 4
github.com/mariogao/golang-unit-test/controller/user.go:31.2,39.25 6 4
github.com/mariogao/golang-unit-test/controller/user.go:42.2,45.27 3 4
github.com/mariogao/golang-unit-test/controller/user.go:67.2,70.68 4 4
github.com/mariogao/golang-unit-test/controller/user.go:28.16,30.3 1 0
github.com/mariogao/golang-unit-test/controller/user.go:39.25,41.3 1 40000
github.com/mariogao/golang-unit-test/controller/user.go:45.27,48.18 2 1200
github.com/mariogao/golang-unit-test/controller/user.go:48.18,50.8 2 1200
github.com/mariogao/golang-unit-test/controller/user.go:50.8,52.12 2 41200
github.com/mariogao/golang-unit-test/controller/user.go:55.5,55.33 1 40000
github.com/mariogao/golang-unit-test/controller/user.go:52.12,54.6 1 1200
github.com/mariogao/golang-unit-test/controller/user.go:74.56,77.16 3 2
github.com/mariogao/golang-unit-test/controller/user.go:80.2,83.88 4 2
github.com/mariogao/golang-unit-test/controller/user.go:77.16,79.3 1 0
